<?xml version="1.0" encoding="utf-8"?><testsuites name="pytest tests"><testsuite name="pytest" errors="0" failures="0" skipped="0" tests="25" time="2.989" timestamp="2026-07-20T16:04:22.618322+00:00" hostname="agent-env-d9c33977-f9c8-43cc-b35d-94f3f992c65c"><testcase classname="tests.test_crm_api.TestAuth" name="test_me_with_bearer" time="0.229" /><testcase classname="tests.test_crm_api.TestClients" name="test_list_clients" time="0.234" /><testcase classname="tests.test_crm_api.TestAuth" name="test_me_without_auth" time="0.192" /><testcase classname="tests.test_crm_api.TestClients" name="test_create_client_dossier_number" time="0.304" /><testcase classname="tests.test_crm_api.TestAuth" name="test_clients_without_auth" time="0.162" /><testcase classname="tests.test_crm_api.TestClients" name="test_update_client" time="0.241" /><testcase classname="tests.test_crm_api.TestAuth" name="test_invalid_token" time="0.154" /><testcase classname="tests.test_crm_api.TestClients" name="test_patch_statut" time="0.099" /><testcase classname="tests.test_crm_api.TestClients" name="test_patch_statut_invalid" time="0.115" /><testcase classname="tests.test_crm_api.TestDocuments" name="test_upload_document" time="0.564" /><testcase classname="tests.test_crm_api.TestClients" name="test_search_by_name" time="0.270" /><testcase classname="tests.test_crm_api.TestAppointments" name="test_create_appointment" time="0.105" /><testcase classname="tests.test_crm_api.TestDocuments" name="test_list_documents" time="0.140" /><testcase classname="tests.test_crm_api.TestAppointments" name="test_list_appointments" time="0.111" /><testcase classname="tests.test_crm_api.TestDocuments" name="test_download_document" time="0.259" /><testcase classname="tests.test_crm_api.TestAppointments" name="test_toggle_appointment" time="0.216" /><testcase classname="tests.test_crm_api.TestAppointments" name="test_delete_appointment" time="0.116" /><testcase classname="tests.test_crm_api.TestDocuments" name="test_delete_document" time="0.221" /><testcase classname="tests.test_crm_api.TestDashboard" name="test_dashboard_stats" time="0.105" /><testcase classname="tests.test_crm_api.TestNotes" name="test_add_and_list_note" time="0.279" /><testcase classname="tests.test_crm_api.TestTasks" name="test_create_task" time="0.100" /><testcase classname="tests.test_crm_api.TestTasks" name="test_list_tasks" time="0.104" /><testcase classname="tests.test_crm_api.TestTasks" name="test_toggle_task" time="0.104" /><testcase classname="tests.test_crm_api.TestActions" name="test_list_actions" time="0.202" /><testcase classname="tests.test_crm_api.TestTasks" name="test_delete_task" time="0.219" /></testsuite></testsuites>